---------------------------------------------------------------
[ 2018-12-02T16:13:36+08:00 ] 192.168.10.1 GET /
[ info ] www.ydh.work/ [运行时间：0.211275s][吞吐率：4.73req/s] [内存消耗：360.25kb] [文件加载：48]
[ info ] [ LANG ] /home/vagrant/code/admin_ydh/thinkphp/lang/zh-cn.php
[ info ] [ ROUTE ] array (
  'type' => 'module',
  'module' => 
  array (
    0 => '',
    1 => NULL,
    2 => NULL,
  ),
)
[ info ] [ HEADER ] array (
  'cookie' => 'user_name=tupulian; password=weilaihao2017; password1=weilaihao2017',
  'accept-language' => 'zh-CN,zh;q=0.9',
  'accept-encoding' => 'gzip, deflate',
  'accept' => 'text/html,application/xhtml+xml,application/xml;q=0.9,image/webp,image/apng,*/*;q=0.8',
  'user-agent' => 'Mozilla/5.0 (Macintosh; Intel Mac OS X 10_13_4) AppleWebKit/537.36 (KHTML, like Gecko) Chrome/70.0.3538.110 Safari/537.36',
  'upgrade-insecure-requests' => '1',
  'connection' => 'keep-alive',
  'host' => 'www.ydh.work',
  'content-type' => '',
  'content-length' => '',
)
[ info ] [ PARAM ] array (
)
[ info ] [ RUN ] app\channel\controller\Index->index[ /home/vagrant/code/admin_ydh/application/channel/controller/Index.php ]
[ info ] [ DB ] INIT \think\mongo\Connection
[ info ] [ BEHAVIOR ] Run app\loan\behavior\MongoLog @app_end [ RunTime:0.015528s ]
[ info ] [ LOG ] INIT File
---------------------------------------------------------------
[ 2018-12-02T16:14:07+08:00 ] 192.168.10.1 POST /loan/Common/send_msg
[ info ] www.ydh.work/loan/Common/send_msg [运行时间：0.657280s][吞吐率：1.52req/s] [内存消耗：499.79kb] [文件加载：62]
[ info ] [ LANG ] /home/vagrant/code/admin_ydh/thinkphp/lang/zh-cn.php
[ info ] [ ROUTE ] array (
  'type' => 'module',
  'module' => 
  array (
    0 => 'loan',
    1 => 'Common',
    2 => 'send_msg',
  ),
)
[ info ] [ HEADER ] array (
  'connection' => 'keep-alive',
  'content-length' => '386',
  'content-type' => 'multipart/form-data; boundary=--------------------------066518277217763752356109',
  'accept-encoding' => 'gzip, deflate',
  'host' => 'www.ydh.work',
  'accept' => '*/*',
  'user-agent' => 'PostmanRuntime/7.1.1',
  'postman-token' => '51fb1742-8e75-4317-b70c-4fe4b7581a1c',
  'cache-control' => 'no-cache',
  'companycode' => '5aab9fb19ecea',
)
[ info ] [ PARAM ] array (
  'phone' => '18529113912',
  'type' => '3',
  'scene' => 'sdfdsfs',
)
[ info ] [ LANG ] /home/vagrant/code/admin_ydh/public/../application/loan/lang/zh-cn.php
[ info ] [ RUN ] app\loan\controller\Common->send_msg[ /home/vagrant/code/admin_ydh/application/loan/controller/Common.php ]
[ info ] [ DB ] INIT mysql
[ info ] [ DB ] INIT \think\mongo\Connection
[ info ] [ DB ] INIT \think\mongo\Connection
[ info ] [ BEHAVIOR ] Run app\loan\behavior\MongoLog @app_end [ RunTime:0.002515s ]
[ info ] [ LOG ] INIT File
---------------------------------------------------------------
[ 2018-12-02T20:38:24+08:00 ] 192.168.10.1 POST /admin/Login/set_lang
[ info ] www.ydh.work/admin/Login/set_lang [运行时间：0.178030s][吞吐率：5.62req/s] [内存消耗：356.06kb] [文件加载：58]
[ info ] [ LANG ] /home/vagrant/code/admin_ydh/thinkphp/lang/zh-cn.php
[ info ] [ ROUTE ] array (
  'type' => 'module',
  'module' => 
  array (
    0 => 'admin',
    1 => 'Login',
    2 => 'set_lang',
  ),
)
[ info ] [ HEADER ] array (
  'cookie' => 'user_name=tupulian; password=weilaihao2017; password1=weilaihao2017',
  'accept-language' => 'zh-CN,zh;q=0.9',
  'accept-encoding' => 'gzip, deflate',
  'referer' => 'http://www.ydh.work/houtai/login.html',
  'content-type' => 'application/x-www-form-urlencoded; charset=UTF-8',
  'user-agent' => 'Mozilla/5.0 (Macintosh; Intel Mac OS X 10_13_4) AppleWebKit/537.36 (KHTML, like Gecko) Chrome/70.0.3538.110 Safari/537.36',
  'x-requested-with' => 'XMLHttpRequest',
  'origin' => 'http://www.ydh.work',
  'accept' => '*/*',
  'content-length' => '7',
  'connection' => 'keep-alive',
  'host' => 'www.ydh.work',
)
[ info ] [ PARAM ] array (
  'lang' => 'cn',
)
[ info ] [ LANG ] /home/vagrant/code/admin_ydh/public/../application/admin/lang/zh-cn.php
[ info ] [ RUN ] app\admin\controller\Login->set_lang[ /home/vagrant/code/admin_ydh/application/admin/controller/Login.php ]
[ info ] [ DB ] INIT mysql
[ info ] [ BEHAVIOR ] Run app\loan\behavior\MongoLog @app_end [ RunTime:0.075547s ]
[ info ] [ LOG ] INIT File
[ sql ] [ DB ] CONNECT:[ UseTime:0.034716s ] mysql:host=120.77.81.91;port=3306;dbname=ydh_tupulian;charset=utf8
---------------------------------------------------------------
[ 2018-12-02T20:38:24+08:00 ] 192.168.10.1 POST /admin/Login/verify_open?0.024594246716054036
[ info ] www.ydh.work/admin/Login/verify_open?0.024594246716054036 [运行时间：0.261825s][吞吐率：3.82req/s] [内存消耗：412.07kb] [文件加载：57]
[ info ] [ LANG ] /home/vagrant/code/admin_ydh/thinkphp/lang/zh-cn.php
[ info ] [ ROUTE ] array (
  'type' => 'module',
  'module' => 
  array (
    0 => 'admin',
    1 => 'Login',
    2 => 'verify_open',
  ),
)
[ info ] [ HEADER ] array (
  'cookie' => 'user_name=tupulian; password=weilaihao2017; password1=weilaihao2017; think_var=zh-cn',
  'accept-language' => 'zh-CN,zh;q=0.9',
  'accept-encoding' => 'gzip, deflate',
  'referer' => 'http://www.ydh.work/houtai/login.html',
  'user-agent' => 'Mozilla/5.0 (Macintosh; Intel Mac OS X 10_13_4) AppleWebKit/537.36 (KHTML, like Gecko) Chrome/70.0.3538.110 Safari/537.36',
  'x-requested-with' => 'XMLHttpRequest',
  'origin' => 'http://www.ydh.work',
  'accept' => '*/*',
  'content-length' => '0',
  'connection' => 'keep-alive',
  'host' => 'www.ydh.work',
  'content-type' => '',
)
[ info ] [ PARAM ] array (
  '0_024594246716054036' => '',
)
[ info ] [ LANG ] /home/vagrant/code/admin_ydh/public/../application/admin/lang/zh-cn.php
[ info ] [ RUN ] app\admin\controller\Login->verify_open[ /home/vagrant/code/admin_ydh/application/admin/controller/Login.php ]
[ info ] [ DB ] INIT mysql
[ info ] [ DB ] INIT mysql
[ info ] [ BEHAVIOR ] Run app\loan\behavior\MongoLog @app_end [ RunTime:0.064398s ]
[ info ] [ LOG ] INIT File
[ sql ] [ DB ] CONNECT:[ UseTime:0.022934s ] mysql:host=120.77.81.91;port=3306;dbname=ydh_tupulian;charset=utf8
[ sql ] [ SQL ] SHOW COLUMNS FROM `system_config` [ RunTime:0.021943s ]
[ sql ] [ SQL ] SELECT `value` FROM `system_config` WHERE  `name` = 'is_verify_open' LIMIT 1 [ RunTime:0.059294s ]
[ sql ] [ DB ] CONNECT:[ UseTime:0.030897s ] mysql:host=120.77.81.91;port=3306;dbname=ydh_tupulian;charset=utf8
---------------------------------------------------------------
[ 2018-12-02T20:38:49+08:00 ] 192.168.10.1 POST /admin/Login/login
[ info ] www.ydh.work/admin/Login/login [运行时间：0.893647s][吞吐率：1.12req/s] [内存消耗：504.27kb] [文件加载：60]
[ info ] [ LANG ] /home/vagrant/code/admin_ydh/thinkphp/lang/zh-cn.php
[ info ] [ ROUTE ] array (
  'type' => 'module',
  'module' => 
  array (
    0 => 'admin',
    1 => 'Login',
    2 => 'login',
  ),
)
[ info ] [ HEADER ] array (
  'cookie' => 'user_name=tupulian; password=weilaihao2017; password1=weilaihao2017; think_var=zh-cn',
  'accept-language' => 'zh-CN,zh;q=0.9',
  'accept-encoding' => 'gzip, deflate',
  'referer' => 'http://www.ydh.work/houtai/login.html',
  'content-type' => 'application/x-www-form-urlencoded; charset=UTF-8',
  'user-agent' => 'Mozilla/5.0 (Macintosh; Intel Mac OS X 10_13_4) AppleWebKit/537.36 (KHTML, like Gecko) Chrome/70.0.3538.110 Safari/537.36',
  'x-requested-with' => 'XMLHttpRequest',
  'origin' => 'http://www.ydh.work',
  'accept' => '*/*',
  'content-length' => '61',
  'connection' => 'keep-alive',
  'host' => 'www.ydh.work',
)
[ info ] [ PARAM ] array (
  'user_name' => 'tupulian',
  'password' => 'weilaihao2017',
  'verify' => '',
  'remember' => 'on',
)
[ info ] [ LANG ] /home/vagrant/code/admin_ydh/public/../application/admin/lang/zh-cn.php
[ info ] [ RUN ] app\admin\controller\Login->login[ /home/vagrant/code/admin_ydh/application/admin/controller/Login.php ]
[ info ] [ SESSION ] INIT array (
  'id' => '',
  'var_session_id' => '',
  'prefix' => 'think',
  'type' => '',
  'auto_start' => true,
)
[ info ] [ DB ] INIT mysql
[ info ] [ CACHE ] INIT File
[ info ] [ DB ] INIT mysql
[ info ] [ BEHAVIOR ] Run app\loan\behavior\MongoLog @app_end [ RunTime:0.073524s ]
[ info ] [ LOG ] INIT File
[ sql ] [ DB ] CONNECT:[ UseTime:0.060649s ] mysql:host=120.77.81.91;port=3306;dbname=ydh_tupulian;charset=utf8
[ sql ] [ SQL ] SHOW COLUMNS FROM `system_config` [ RunTime:0.025933s ]
[ sql ] [ SQL ] SELECT `value` FROM `system_config` WHERE  `name` = 'is_verify_open' LIMIT 1 [ RunTime:0.079229s ]
[ sql ] [ SQL ] SHOW COLUMNS FROM `system_admin_v2` [ RunTime:0.079590s ]
[ sql ] [ SQL ] SELECT * FROM `system_admin_v2` WHERE  `user_name` = 'tupulian'  AND `password` = '6e7ff623a612e2f77a3ae052da1c213e' LIMIT 1 [ RunTime:0.090782s ]
[ sql ] [ SQL ] UPDATE `system_admin_v2`  SET `last_login`=1543754329,`last_ip`='192.168.10.1'  WHERE  `admin_id` = 1 [ RunTime:0.081583s ]
[ sql ] [ SQL ] SHOW COLUMNS FROM `system_admin_log` [ RunTime:0.080778s ]
[ sql ] [ SQL ] INSERT INTO `system_admin_log` (`log_time` , `admin_id` , `log_info` , `company_id` , `log_ip` , `log_url`) VALUES (1543754329 , 1 , '后台登录' , 0 , '192.168.10.1' , '/admin/Login/login') [ RunTime:0.089112s ]
[ sql ] [ SQL ] SHOW COLUMNS FROM `system_admin_role_v2` [ RunTime:0.085284s ]
[ sql ] [ SQL ] SELECT `admin_class` FROM `system_admin_role_v2` WHERE  `role_id` IN (1) [ RunTime:0.079758s ]
[ sql ] [ DB ] CONNECT:[ UseTime:0.039476s ] mysql:host=120.77.81.91;port=3306;dbname=ydh_tupulian;charset=utf8
---------------------------------------------------------------
[ 2018-12-02T20:38:52+08:00 ] 192.168.10.1 POST /admin/Base/menu_list
[ info ] www.ydh.work/admin/Base/menu_list [运行时间：1.558900s][吞吐率：0.64req/s] [内存消耗：521.02kb] [文件加载：59]
[ info ] [ LANG ] /home/vagrant/code/admin_ydh/thinkphp/lang/zh-cn.php
[ info ] [ ROUTE ] array (
  'type' => 'module',
  'module' => 
  array (
    0 => 'admin',
    1 => 'Base',
    2 => 'menu_list',
  ),
)
[ info ] [ HEADER ] array (
  'cookie' => 'user_name=tupulian; password=weilaihao2017; password1=weilaihao2017; think_var=zh-cn; PHPSESSID=51l0vlrtp1op1ca6tckktra9sh',
  'accept-language' => 'zh-CN,zh;q=0.9',
  'accept-encoding' => 'gzip, deflate',
  'referer' => 'http://www.ydh.work/houtai/index.html',
  'user-agent' => 'Mozilla/5.0 (Macintosh; Intel Mac OS X 10_13_4) AppleWebKit/537.36 (KHTML, like Gecko) Chrome/70.0.3538.110 Safari/537.36',
  'x-requested-with' => 'XMLHttpRequest',
  'origin' => 'http://www.ydh.work',
  'accept' => '*/*',
  'content-length' => '0',
  'connection' => 'keep-alive',
  'host' => 'www.ydh.work',
  'content-type' => '',
)
[ info ] [ PARAM ] array (
)
[ info ] [ LANG ] /home/vagrant/code/admin_ydh/public/../application/admin/lang/zh-cn.php
[ info ] [ SESSION ] INIT array (
  'id' => '',
  'var_session_id' => '',
  'prefix' => 'think',
  'type' => '',
  'auto_start' => true,
)
[ info ] [ DB ] INIT mysql
[ info ] [ RUN ] app\admin\controller\Base->menu_list[ /home/vagrant/code/admin_ydh/application/admin/controller/Base.php ]
[ info ] [ DB ] INIT mysql
[ info ] [ BEHAVIOR ] Run app\loan\behavior\MongoLog @app_end [ RunTime:0.074555s ]
[ info ] [ LOG ] INIT File
[ sql ] [ DB ] CONNECT:[ UseTime:0.031853s ] mysql:host=120.77.81.91;port=3306;dbname=ydh_tupulian;charset=utf8
[ sql ] [ SQL ] SHOW COLUMNS FROM `system_admin_log` [ RunTime:0.022275s ]
[ sql ] [ SQL ] INSERT INTO `system_admin_log` (`log_time` , `admin_id` , `log_info` , `company_id` , `log_ip` , `log_url`) VALUES (1543754330 , 1 , '发起请求' , 0 , '192.168.10.1' , '/admin/Base/menu_list') [ RunTime:0.071521s ]
[ sql ] [ SQL ] SHOW COLUMNS FROM `system_menu` [ RunTime:0.079006s ]
[ sql ] [ SQL ] SELECT `id`,`name`,`group`,`sort` FROM `system_menu` WHERE  `pid` = 0  AND `status` = 0 ORDER BY `sort` ASC [ RunTime:0.072067s ]
[ sql ] [ SQL ] SHOW COLUMNS FROM `system_admin_role_relation_v2` [ RunTime:0.076227s ]
[ sql ] [ SQL ] SELECT `roleuser`.`role_id`,`role_name` FROM `system_admin_role_relation_v2` `roleuser` INNER JOIN `system_admin_role_v2` ON `system_admin_role_v2`.`role_id`=`roleuser`.`role_id` WHERE  `roleuser`.`admin_id` = 1  AND `roleuser`.`type` = 0  AND `system_admin_role_v2`.`company_id` = 0 [ RunTime:0.074275s ]
[ sql ] [ SQL ] SELECT `system_menu`.`right`,`system_menu`.`id` FROM `system_menu` [ RunTime:0.072143s ]
[ sql ] [ SQL ] SELECT `id`,`name`,`right`,`url` FROM `system_menu` WHERE  `pid` = 213  AND `status` = 0  AND `level` = 'left'  AND `id` IN (1,2,3,4,5,6,8,9,10,11,12,13,14,15,16,17,18,19,20,22,24,25,26,152,153,154,155,156,157,158,159,160,161,162,163,164,165,166,167,168,169,170,171,172,173,174,175,176,177,178,179,180,181,182,183,184,185,186,187,188,189,190,191,192,193,194,195,196,197,198,199,200,201,202,203,204,205,206,209,210,211,212,213,214,215,216,243,244,245,246,247,248,249,250) [ RunTime:0.073330s ]
[ sql ] [ SQL ] SELECT `id`,`name`,`right`,`url` FROM `system_menu` WHERE  `pid` = 1  AND `status` = 0  AND `level` = 'left'  AND `id` IN (1,2,3,4,5,6,8,9,10,11,12,13,14,15,16,17,18,19,20,22,24,25,26,152,153,154,155,156,157,158,159,160,161,162,163,164,165,166,167,168,169,170,171,172,173,174,175,176,177,178,179,180,181,182,183,184,185,186,187,188,189,190,191,192,193,194,195,196,197,198,199,200,201,202,203,204,205,206,209,210,211,212,213,214,215,216,243,244,245,246,247,248,249,250) [ RunTime:0.075412s ]
[ sql ] [ SQL ] SELECT `id`,`name`,`right`,`url` FROM `system_menu` WHERE  `pid` = 4  AND `status` = 0  AND `level` = 'left'  AND `id` IN (1,2,3,4,5,6,8,9,10,11,12,13,14,15,16,17,18,19,20,22,24,25,26,152,153,154,155,156,157,158,159,160,161,162,163,164,165,166,167,168,169,170,171,172,173,174,175,176,177,178,179,180,181,182,183,184,185,186,187,188,189,190,191,192,193,194,195,196,197,198,199,200,201,202,203,204,205,206,209,210,211,212,213,214,215,216,243,244,245,246,247,248,249,250) [ RunTime:0.072779s ]
[ sql ] [ SQL ] SELECT `id`,`name`,`right`,`url` FROM `system_menu` WHERE  `pid` = 2  AND `status` = 0  AND `level` = 'left'  AND `id` IN (1,2,3,4,5,6,8,9,10,11,12,13,14,15,16,17,18,19,20,22,24,25,26,152,153,154,155,156,157,158,159,160,161,162,163,164,165,166,167,168,169,170,171,172,173,174,175,176,177,178,179,180,181,182,183,184,185,186,187,188,189,190,191,192,193,194,195,196,197,198,199,200,201,202,203,204,205,206,209,210,211,212,213,214,215,216,243,244,245,246,247,248,249,250) [ RunTime:0.074024s ]
[ sql ] [ SQL ] SELECT `id`,`name`,`right`,`url` FROM `system_menu` WHERE  `pid` = 3  AND `status` = 0  AND `level` = 'left'  AND `id` IN (1,2,3,4,5,6,8,9,10,11,12,13,14,15,16,17,18,19,20,22,24,25,26,152,153,154,155,156,157,158,159,160,161,162,163,164,165,166,167,168,169,170,171,172,173,174,175,176,177,178,179,180,181,182,183,184,185,186,187,188,189,190,191,192,193,194,195,196,197,198,199,200,201,202,203,204,205,206,209,210,211,212,213,214,215,216,243,244,245,246,247,248,249,250) [ RunTime:0.074514s ]
[ sql ] [ SQL ] SELECT `id`,`name`,`right`,`url` FROM `system_menu` WHERE  `pid` = 5  AND `status` = 0  AND `level` = 'left'  AND `id` IN (1,2,3,4,5,6,8,9,10,11,12,13,14,15,16,17,18,19,20,22,24,25,26,152,153,154,155,156,157,158,159,160,161,162,163,164,165,166,167,168,169,170,171,172,173,174,175,176,177,178,179,180,181,182,183,184,185,186,187,188,189,190,191,192,193,194,195,196,197,198,199,200,201,202,203,204,205,206,209,210,211,212,213,214,215,216,243,244,245,246,247,248,249,250) [ RunTime:0.080964s ]
[ sql ] [ SQL ] SELECT `id`,`name`,`right`,`url` FROM `system_menu` WHERE  `pid` = 6  AND `status` = 0  AND `level` = 'left'  AND `id` IN (1,2,3,4,5,6,8,9,10,11,12,13,14,15,16,17,18,19,20,22,24,25,26,152,153,154,155,156,157,158,159,160,161,162,163,164,165,166,167,168,169,170,171,172,173,174,175,176,177,178,179,180,181,182,183,184,185,186,187,188,189,190,191,192,193,194,195,196,197,198,199,200,201,202,203,204,205,206,209,210,211,212,213,214,215,216,243,244,245,246,247,248,249,250) [ RunTime:0.088113s ]
[ sql ] [ SQL ] SELECT `id`,`name`,`right`,`url` FROM `system_menu` WHERE  `pid` = 205  AND `status` = 0  AND `level` = 'left'  AND `id` IN (1,2,3,4,5,6,8,9,10,11,12,13,14,15,16,17,18,19,20,22,24,25,26,152,153,154,155,156,157,158,159,160,161,162,163,164,165,166,167,168,169,170,171,172,173,174,175,176,177,178,179,180,181,182,183,184,185,186,187,188,189,190,191,192,193,194,195,196,197,198,199,200,201,202,203,204,205,206,209,210,211,212,213,214,215,216,243,244,245,246,247,248,249,250) [ RunTime:0.093504s ]
[ sql ] [ SQL ] SELECT `id`,`name`,`right`,`url` FROM `system_menu` WHERE  `pid` = 201  AND `status` = 0  AND `level` = 'left'  AND `id` IN (1,2,3,4,5,6,8,9,10,11,12,13,14,15,16,17,18,19,20,22,24,25,26,152,153,154,155,156,157,158,159,160,161,162,163,164,165,166,167,168,169,170,171,172,173,174,175,176,177,178,179,180,181,182,183,184,185,186,187,188,189,190,191,192,193,194,195,196,197,198,199,200,201,202,203,204,205,206,209,210,211,212,213,214,215,216,243,244,245,246,247,248,249,250) [ RunTime:0.091376s ]
[ sql ] [ SQL ] SHOW COLUMNS FROM `system_admin_role_v2` [ RunTime:0.083032s ]
[ sql ] [ SQL ] SELECT `admin_class` FROM `system_admin_role_v2` WHERE  `role_id` IN (1) [ RunTime:0.079853s ]
[ sql ] [ DB ] CONNECT:[ UseTime:0.045748s ] mysql:host=120.77.81.91;port=3306;dbname=ydh_tupulian;charset=utf8
---------------------------------------------------------------
[ 2018-12-02T20:38:52+08:00 ] 192.168.10.1 POST /admin/Base/get_role_type
[ info ] www.ydh.work/admin/Base/get_role_type [运行时间：1.941982s][吞吐率：0.51req/s] [内存消耗：424.32kb] [文件加载：58]
[ info ] [ LANG ] /home/vagrant/code/admin_ydh/thinkphp/lang/zh-cn.php
[ info ] [ ROUTE ] array (
  'type' => 'module',
  'module' => 
  array (
    0 => 'admin',
    1 => 'Base',
    2 => 'get_role_type',
  ),
)
[ info ] [ HEADER ] array (
  'cookie' => 'user_name=tupulian; password=weilaihao2017; password1=weilaihao2017; think_var=zh-cn; PHPSESSID=51l0vlrtp1op1ca6tckktra9sh',
  'accept-language' => 'zh-CN,zh;q=0.9',
  'accept-encoding' => 'gzip, deflate',
  'referer' => 'http://www.ydh.work/houtai/index.html',
  'content-type' => 'application/x-www-form-urlencoded; charset=UTF-8',
  'user-agent' => 'Mozilla/5.0 (Macintosh; Intel Mac OS X 10_13_4) AppleWebKit/537.36 (KHTML, like Gecko) Chrome/70.0.3538.110 Safari/537.36',
  'x-requested-with' => 'XMLHttpRequest',
  'origin' => 'http://www.ydh.work',
  'accept' => '*/*',
  'content-length' => '6',
  'connection' => 'keep-alive',
  'host' => 'www.ydh.work',
)
[ info ] [ PARAM ] array (
  'type' => '1',
)
[ info ] [ LANG ] /home/vagrant/code/admin_ydh/public/../application/admin/lang/zh-cn.php
[ info ] [ SESSION ] INIT array (
  'id' => '',
  'var_session_id' => '',
  'prefix' => 'think',
  'type' => '',
  'auto_start' => true,
)
[ info ] [ DB ] INIT mysql
[ info ] [ RUN ] app\admin\controller\Base->get_role_type[ /home/vagrant/code/admin_ydh/application/admin/controller/Base.php ]
[ info ] [ DB ] INIT mysql
[ info ] [ BEHAVIOR ] Run app\loan\behavior\MongoLog @app_end [ RunTime:0.063305s ]
[ info ] [ LOG ] INIT File
[ sql ] [ DB ] CONNECT:[ UseTime:0.029385s ] mysql:host=120.77.81.91;port=3306;dbname=ydh_tupulian;charset=utf8
[ sql ] [ SQL ] SHOW COLUMNS FROM `system_admin_log` [ RunTime:0.020971s ]
[ sql ] [ SQL ] INSERT INTO `system_admin_log` (`log_time` , `admin_id` , `log_info` , `company_id` , `log_ip` , `log_url`) VALUES (1543754332 , 1 , '发起请求' , 0 , '192.168.10.1' , '/admin/Base/get_role_type') [ RunTime:0.074914s ]
[ sql ] [ SQL ] SHOW COLUMNS FROM `system_admin_role_v2` [ RunTime:0.084147s ]
[ sql ] [ SQL ] SELECT `admin_class` FROM `system_admin_role_v2` WHERE  `role_id` IN (1) [ RunTime:0.080884s ]
[ sql ] [ DB ] CONNECT:[ UseTime:0.032438s ] mysql:host=120.77.81.91;port=3306;dbname=ydh_tupulian;charset=utf8
---------------------------------------------------------------
[ 2018-12-02T20:38:52+08:00 ] 192.168.10.1 POST /admin/Base/get_user_info
[ info ] www.ydh.work/admin/Base/get_user_info [运行时间：0.592709s][吞吐率：1.69req/s] [内存消耗：388.99kb] [文件加载：58]
[ info ] [ LANG ] /home/vagrant/code/admin_ydh/thinkphp/lang/zh-cn.php
[ info ] [ ROUTE ] array (
  'type' => 'module',
  'module' => 
  array (
    0 => 'admin',
    1 => 'Base',
    2 => 'get_user_info',
  ),
)
[ info ] [ HEADER ] array (
  'cookie' => 'user_name=tupulian; password=weilaihao2017; password1=weilaihao2017; think_var=zh-cn; PHPSESSID=51l0vlrtp1op1ca6tckktra9sh',
  'accept-language' => 'zh-CN,zh;q=0.9',
  'accept-encoding' => 'gzip, deflate',
  'referer' => 'http://www.ydh.work/houtai/index.html',
  'user-agent' => 'Mozilla/5.0 (Macintosh; Intel Mac OS X 10_13_4) AppleWebKit/537.36 (KHTML, like Gecko) Chrome/70.0.3538.110 Safari/537.36',
  'x-requested-with' => 'XMLHttpRequest',
  'origin' => 'http://www.ydh.work',
  'accept' => '*/*',
  'content-length' => '0',
  'connection' => 'keep-alive',
  'host' => 'www.ydh.work',
  'content-type' => '',
)
[ info ] [ PARAM ] array (
)
[ info ] [ LANG ] /home/vagrant/code/admin_ydh/public/../application/admin/lang/zh-cn.php
[ info ] [ SESSION ] INIT array (
  'id' => '',
  'var_session_id' => '',
  'prefix' => 'think',
  'type' => '',
  'auto_start' => true,
)
[ info ] [ DB ] INIT mysql
[ info ] [ RUN ] app\admin\controller\Base->get_user_info[ /home/vagrant/code/admin_ydh/application/admin/controller/Base.php ]
[ info ] [ DB ] INIT mysql
[ info ] [ BEHAVIOR ] Run app\loan\behavior\MongoLog @app_end [ RunTime:0.058654s ]
[ info ] [ LOG ] INIT File
[ sql ] [ DB ] CONNECT:[ UseTime:0.030724s ] mysql:host=120.77.81.91;port=3306;dbname=ydh_tupulian;charset=utf8
[ sql ] [ SQL ] SHOW COLUMNS FROM `system_admin_log` [ RunTime:0.021100s ]
[ sql ] [ SQL ] INSERT INTO `system_admin_log` (`log_time` , `admin_id` , `log_info` , `company_id` , `log_ip` , `log_url`) VALUES (1543754332 , 1 , '发起请求' , 0 , '192.168.10.1' , '/admin/Base/get_user_info') [ RunTime:0.073166s ]
[ sql ] [ DB ] CONNECT:[ UseTime:0.028989s ] mysql:host=120.77.81.91;port=3306;dbname=ydh_tupulian;charset=utf8
---------------------------------------------------------------
[ 2018-12-02T20:38:53+08:00 ] 192.168.10.1 POST /admin/Base/get_role_type
[ info ] www.ydh.work/admin/Base/get_role_type [运行时间：1.645730s][吞吐率：0.61req/s] [内存消耗：424.32kb] [文件加载：58]
[ info ] [ LANG ] /home/vagrant/code/admin_ydh/thinkphp/lang/zh-cn.php
[ info ] [ ROUTE ] array (
  'type' => 'module',
  'module' => 
  array (
    0 => 'admin',
    1 => 'Base',
    2 => 'get_role_type',
  ),
)
[ info ] [ HEADER ] array (
  'cookie' => 'user_name=tupulian; password=weilaihao2017; password1=weilaihao2017; think_var=zh-cn; PHPSESSID=51l0vlrtp1op1ca6tckktra9sh',
  'accept-language' => 'zh-CN,zh;q=0.9',
  'accept-encoding' => 'gzip, deflate',
  'referer' => 'http://www.ydh.work/houtai/index.html',
  'content-type' => 'application/x-www-form-urlencoded; charset=UTF-8',
  'user-agent' => 'Mozilla/5.0 (Macintosh; Intel Mac OS X 10_13_4) AppleWebKit/537.36 (KHTML, like Gecko) Chrome/70.0.3538.110 Safari/537.36',
  'x-requested-with' => 'XMLHttpRequest',
  'origin' => 'http://www.ydh.work',
  'accept' => '*/*',
  'content-length' => '6',
  'connection' => 'keep-alive',
  'host' => 'www.ydh.work',
)
[ info ] [ PARAM ] array (
  'type' => '2',
)
[ info ] [ LANG ] /home/vagrant/code/admin_ydh/public/../application/admin/lang/zh-cn.php
[ info ] [ SESSION ] INIT array (
  'id' => '',
  'var_session_id' => '',
  'prefix' => 'think',
  'type' => '',
  'auto_start' => true,
)
[ info ] [ DB ] INIT mysql
[ info ] [ RUN ] app\admin\controller\Base->get_role_type[ /home/vagrant/code/admin_ydh/application/admin/controller/Base.php ]
[ info ] [ DB ] INIT mysql
[ info ] [ BEHAVIOR ] Run app\loan\behavior\MongoLog @app_end [ RunTime:0.069554s ]
[ info ] [ LOG ] INIT File
[ sql ] [ DB ] CONNECT:[ UseTime:0.029304s ] mysql:host=120.77.81.91;port=3306;dbname=ydh_tupulian;charset=utf8
[ sql ] [ SQL ] SHOW COLUMNS FROM `system_admin_log` [ RunTime:0.021963s ]
[ sql ] [ SQL ] INSERT INTO `system_admin_log` (`log_time` , `admin_id` , `log_info` , `company_id` , `log_ip` , `log_url`) VALUES (1543754332 , 1 , '发起请求' , 0 , '192.168.10.1' , '/admin/Base/get_role_type') [ RunTime:0.083839s ]
[ sql ] [ SQL ] SHOW COLUMNS FROM `system_admin_role_v2` [ RunTime:0.077152s ]
[ sql ] [ SQL ] SELECT `admin_class` FROM `system_admin_role_v2` WHERE  `role_id` IN (1) [ RunTime:0.072045s ]
[ sql ] [ DB ] CONNECT:[ UseTime:0.032771s ] mysql:host=120.77.81.91;port=3306;dbname=ydh_tupulian;charset=utf8
---------------------------------------------------------------
[ 2018-12-02T20:38:53+08:00 ] 192.168.10.1 POST /admin/echart/get_finance_data_all
[ info ] www.ydh.work/admin/echart/get_finance_data_all [运行时间：1.126658s][吞吐率：0.89req/s] [内存消耗：503.25kb] [文件加载：60]
[ info ] [ LANG ] /home/vagrant/code/admin_ydh/thinkphp/lang/zh-cn.php
[ info ] [ ROUTE ] array (
  'type' => 'module',
  'module' => 
  array (
    0 => 'admin',
    1 => 'echart',
    2 => 'get_finance_data_all',
  ),
)
[ info ] [ HEADER ] array (
  'cookie' => 'user_name=tupulian; password=weilaihao2017; password1=weilaihao2017; think_var=zh-cn; PHPSESSID=51l0vlrtp1op1ca6tckktra9sh',
  'accept-language' => 'zh-CN,zh;q=0.9',
  'accept-encoding' => 'gzip, deflate',
  'referer' => 'http://www.ydh.work/houtai/index.html',
  'user-agent' => 'Mozilla/5.0 (Macintosh; Intel Mac OS X 10_13_4) AppleWebKit/537.36 (KHTML, like Gecko) Chrome/70.0.3538.110 Safari/537.36',
  'x-requested-with' => 'XMLHttpRequest',
  'origin' => 'http://www.ydh.work',
  'accept' => '*/*',
  'content-length' => '0',
  'connection' => 'keep-alive',
  'host' => 'www.ydh.work',
  'content-type' => '',
)
[ info ] [ PARAM ] array (
)
[ info ] [ LANG ] /home/vagrant/code/admin_ydh/public/../application/admin/lang/zh-cn.php
[ info ] [ SESSION ] INIT array (
  'id' => '',
  'var_session_id' => '',
  'prefix' => 'think',
  'type' => '',
  'auto_start' => true,
)
[ info ] [ DB ] INIT mysql
[ info ] [ RUN ] app\admin\controller\Echart->get_finance_data_all[ /home/vagrant/code/admin_ydh/application/admin/controller/Echart.php ]
[ info ] [ DB ] INIT mysql
[ info ] [ BEHAVIOR ] Run app\loan\behavior\MongoLog @app_end [ RunTime:0.062339s ]
[ info ] [ LOG ] INIT File
[ sql ] [ DB ] CONNECT:[ UseTime:0.031810s ] mysql:host=120.77.81.91;port=3306;dbname=ydh_tupulian;charset=utf8
[ sql ] [ SQL ] SHOW COLUMNS FROM `system_admin_log` [ RunTime:0.019962s ]
[ sql ] [ SQL ] INSERT INTO `system_admin_log` (`log_time` , `admin_id` , `log_info` , `company_id` , `log_ip` , `log_url`) VALUES (1543754333 , 1 , '发起请求' , 0 , '192.168.10.1' , '/admin/echart/get_finance_data_all') [ RunTime:0.072160s ]
[ sql ] [ SQL ] SHOW COLUMNS FROM `report_finance_day` [ RunTime:0.070504s ]
[ sql ] [ SQL ] SELECT sum(huankuan_zonge_sum) as huankuan_zonge_sum_sum,sum(yingshou_benxi_sum) as yingshou_benxi_sum_sum,sum(huankuan_benxi_sum) as huankuan_benxi_sum_sum FROM `report_finance_day` WHERE  `company_code` = '5aab2f49c3ec9' LIMIT 1 [ RunTime:0.067553s ]
[ sql ] [ SQL ] SHOW COLUMNS FROM `report_finance_order_day` [ RunTime:0.069691s ]
[ sql ] [ SQL ] SELECT sum(order_success_sum) as order_success_sum_sum FROM `report_finance_order_day` WHERE  `company_code` = '5aab2f49c3ec9' LIMIT 1 [ RunTime:0.067370s ]
[ sql ] [ SQL ] SELECT `date_str`,`benjin_huishou_rate`,`yingshou_benjin_sum`,`huankuan_zonge_sum` FROM `report_finance_day` WHERE  `company_code` = '5aab2f49c3ec9' ORDER BY `date_str` ASC [ RunTime:0.066653s ]
[ sql ] [ DB ] CONNECT:[ UseTime:0.030639s ] mysql:host=120.77.81.91;port=3306;dbname=ydh_tupulian;charset=utf8
---------------------------------------------------------------
[ 2018-12-02T20:38:56+08:00 ] 192.168.10.1 POST /admin/Base/company_list
[ info ] www.ydh.work/admin/Base/company_list [运行时间：0.399430s][吞吐率：2.50req/s] [内存消耗：428.63kb] [文件加载：58]
[ info ] [ LANG ] /home/vagrant/code/admin_ydh/thinkphp/lang/zh-cn.php
[ info ] [ ROUTE ] array (
  'type' => 'module',
  'module' => 
  array (
    0 => 'admin',
    1 => 'Base',
    2 => 'company_list',
  ),
)
[ info ] [ HEADER ] array (
  'cookie' => 'user_name=tupulian; password=weilaihao2017; password1=weilaihao2017; think_var=zh-cn; PHPSESSID=51l0vlrtp1op1ca6tckktra9sh',
  'accept-language' => 'zh-CN,zh;q=0.9',
  'accept-encoding' => 'gzip, deflate',
  'referer' => 'http://www.ydh.work/houtai/index.html',
  'user-agent' => 'Mozilla/5.0 (Macintosh; Intel Mac OS X 10_13_4) AppleWebKit/537.36 (KHTML, like Gecko) Chrome/70.0.3538.110 Safari/537.36',
  'x-requested-with' => 'XMLHttpRequest',
  'origin' => 'http://www.ydh.work',
  'accept' => '*/*',
  'content-length' => '0',
  'connection' => 'keep-alive',
  'host' => 'www.ydh.work',
  'content-type' => '',
)
[ info ] [ PARAM ] array (
)
[ info ] [ LANG ] /home/vagrant/code/admin_ydh/public/../application/admin/lang/zh-cn.php
[ info ] [ SESSION ] INIT array (
  'id' => '',
  'var_session_id' => '',
  'prefix' => 'think',
  'type' => '',
  'auto_start' => true,
)
[ info ] [ DB ] INIT mysql
[ info ] [ RUN ] app\admin\controller\Base->company_list[ /home/vagrant/code/admin_ydh/application/admin/controller/Base.php ]
[ info ] [ DB ] INIT mysql
[ info ] [ BEHAVIOR ] Run app\loan\behavior\MongoLog @app_end [ RunTime:0.039496s ]
[ info ] [ LOG ] INIT File
[ sql ] [ DB ] CONNECT:[ UseTime:0.027363s ] mysql:host=120.77.81.91;port=3306;dbname=ydh_tupulian;charset=utf8
[ sql ] [ SQL ] SHOW COLUMNS FROM `system_admin_log` [ RunTime:0.019505s ]
[ sql ] [ SQL ] INSERT INTO `system_admin_log` (`log_time` , `admin_id` , `log_info` , `company_id` , `log_ip` , `log_url`) VALUES (1543754336 , 1 , '发起请求' , 0 , '192.168.10.1' , '/admin/Base/company_list') [ RunTime:0.071432s ]
[ sql ] [ SQL ] SHOW COLUMNS FROM `system_company` [ RunTime:0.061864s ]
[ sql ] [ SQL ] SELECT `cp_id`,`cp_name` FROM `system_company` WHERE  `apply_status` = 0 [ RunTime:0.059627s ]
[ sql ] [ DB ] CONNECT:[ UseTime:0.021228s ] mysql:host=120.77.81.91;port=3306;dbname=ydh_tupulian;charset=utf8
---------------------------------------------------------------
[ 2018-12-02T20:38:57+08:00 ] 192.168.10.1 POST /admin/Base/get_company_statistical
[ info ] www.ydh.work/admin/Base/get_company_statistical [运行时间：0.823069s][吞吐率：1.21req/s] [内存消耗：432.80kb] [文件加载：58]
[ info ] [ LANG ] /home/vagrant/code/admin_ydh/thinkphp/lang/zh-cn.php
[ info ] [ ROUTE ] array (
  'type' => 'module',
  'module' => 
  array (
    0 => 'admin',
    1 => 'Base',
    2 => 'get_company_statistical',
  ),
)
[ info ] [ HEADER ] array (
  'cookie' => 'user_name=tupulian; password=weilaihao2017; password1=weilaihao2017; think_var=zh-cn; PHPSESSID=51l0vlrtp1op1ca6tckktra9sh',
  'accept-language' => 'zh-CN,zh;q=0.9',
  'accept-encoding' => 'gzip, deflate',
  'referer' => 'http://www.ydh.work/houtai/index.html',
  'content-type' => 'application/x-www-form-urlencoded; charset=UTF-8',
  'user-agent' => 'Mozilla/5.0 (Macintosh; Intel Mac OS X 10_13_4) AppleWebKit/537.36 (KHTML, like Gecko) Chrome/70.0.3538.110 Safari/537.36',
  'x-requested-with' => 'XMLHttpRequest',
  'origin' => 'http://www.ydh.work',
  'accept' => '*/*',
  'content-length' => '15',
  'connection' => 'keep-alive',
  'host' => 'www.ydh.work',
)
[ info ] [ PARAM ] array (
  'company_id' => 'null ',
)
[ info ] [ LANG ] /home/vagrant/code/admin_ydh/public/../application/admin/lang/zh-cn.php
[ info ] [ SESSION ] INIT array (
  'id' => '',
  'var_session_id' => '',
  'prefix' => 'think',
  'type' => '',
  'auto_start' => true,
)
[ info ] [ DB ] INIT mysql
[ info ] [ RUN ] app\admin\controller\Base->get_company_statistical[ /home/vagrant/code/admin_ydh/application/admin/controller/Base.php ]
[ info ] [ DB ] INIT mysql
[ info ] [ BEHAVIOR ] Run app\loan\behavior\MongoLog @app_end [ RunTime:0.056949s ]
[ info ] [ LOG ] INIT File
[ sql ] [ DB ] CONNECT:[ UseTime:0.020153s ] mysql:host=120.77.81.91;port=3306;dbname=ydh_tupulian;charset=utf8
[ sql ] [ SQL ] SHOW COLUMNS FROM `system_admin_log` [ RunTime:0.012494s ]
[ sql ] [ SQL ] INSERT INTO `system_admin_log` (`log_time` , `admin_id` , `log_info` , `company_id` , `log_ip` , `log_url`) VALUES (1543754336 , 1 , '发起请求' , 0 , '192.168.10.1' , '/admin/Base/get_company_statistical') [ RunTime:0.064007s ]
[ sql ] [ SQL ] SHOW COLUMNS FROM `system_company` [ RunTime:0.058109s ]
[ sql ] [ SQL ] SELECT `cp_code` FROM `system_company` WHERE  `cp_id` = 0 LIMIT 1 [ RunTime:0.057755s ]
[ sql ] [ SQL ] SHOW COLUMNS FROM `statistical_adv` [ RunTime:0.063493s ]
[ sql ] [ SQL ] SELECT `code`,`name` FROM `statistical_adv` WHERE  `company_code` = ''  AND `status` = '1' [ RunTime:0.062995s ]
[ sql ] [ DB ] CONNECT:[ UseTime:0.028091s ] mysql:host=120.77.81.91;port=3306;dbname=ydh_tupulian;charset=utf8
---------------------------------------------------------------
[ 2018-12-02T20:38:57+08:00 ] 192.168.10.1 POST /admin/Order/order_list?page=1&limit=50
[ info ] www.ydh.work/admin/Order/order_list?page=1&limit=50 [运行时间：1.236907s][吞吐率：0.81req/s] [内存消耗：508.81kb] [文件加载：60]
[ info ] [ LANG ] /home/vagrant/code/admin_ydh/thinkphp/lang/zh-cn.php
[ info ] [ ROUTE ] array (
  'type' => 'module',
  'module' => 
  array (
    0 => 'admin',
    1 => 'Order',
    2 => 'order_list',
  ),
)
[ info ] [ HEADER ] array (
  'cookie' => 'user_name=tupulian; password=weilaihao2017; password1=weilaihao2017; think_var=zh-cn; PHPSESSID=51l0vlrtp1op1ca6tckktra9sh',
  'accept-language' => 'zh-CN,zh;q=0.9',
  'accept-encoding' => 'gzip, deflate',
  'referer' => 'http://www.ydh.work/houtai/index.html',
  'content-type' => 'application/x-www-form-urlencoded; charset=UTF-8',
  'user-agent' => 'Mozilla/5.0 (Macintosh; Intel Mac OS X 10_13_4) AppleWebKit/537.36 (KHTML, like Gecko) Chrome/70.0.3538.110 Safari/537.36',
  'x-requested-with' => 'XMLHttpRequest',
  'origin' => 'http://www.ydh.work',
  'accept' => '*/*',
  'content-length' => '118',
  'connection' => 'keep-alive',
  'host' => 'www.ydh.work',
)
[ info ] [ PARAM ] array (
  'page' => '1',
  'limit' => '50',
  'date' => '',
  'date2' => '',
  'date3' => '',
  'company_id' => '',
  'order_status' => '',
  'statistical_code' => '',
  'search_string' => '',
  'risk_status' => '',
  'handle_status' => '',
  'pay_status' => '',
)
[ info ] [ LANG ] /home/vagrant/code/admin_ydh/public/../application/admin/lang/zh-cn.php
[ info ] [ SESSION ] INIT array (
  'id' => '',
  'var_session_id' => '',
  'prefix' => 'think',
  'type' => '',
  'auto_start' => true,
)
[ info ] [ DB ] INIT mysql
[ info ] [ RUN ] app\admin\controller\Order->order_list[ /home/vagrant/code/admin_ydh/application/admin/controller/Order.php ]
[ info ] [ DB ] INIT mysql
[ info ] [ BEHAVIOR ] Run app\loan\behavior\MongoLog @app_end [ RunTime:0.056711s ]
[ info ] [ LOG ] INIT File
[ sql ] [ DB ] CONNECT:[ UseTime:0.031439s ] mysql:host=120.77.81.91;port=3306;dbname=ydh_tupulian;charset=utf8
[ sql ] [ SQL ] SHOW COLUMNS FROM `system_admin_log` [ RunTime:0.020737s ]
[ sql ] [ SQL ] INSERT INTO `system_admin_log` (`log_time` , `admin_id` , `log_info` , `company_id` , `log_ip` , `log_url`) VALUES (1543754337 , 1 , '发起请求' , 0 , '192.168.10.1' , '/admin/Order/order_list') [ RunTime:0.072265s ]
[ sql ] [ SQL ] SHOW COLUMNS FROM `hunuo_order_info` [ RunTime:0.072185s ]
[ sql ] [ SQL ] SELECT `o`.`order_no`,`o`.`name`,`o`.`phone`,`r`.`due_time`,`o`.`source`,`o`.`handle_state`,`o`.`add_time`,`o`.`application_amount`,`o`.`application_term`,`o`.`order_status`,`r`.`due_day`,`o`.`end_time`,`hr`.`region_name`,sa.name as statistical,`o`.`pay_status`,`o`.`risk_status` FROM `hunuo_order_info` `o` LEFT JOIN `hunuo_users` `u` ON `u`.`user_id`=`o`.`user_id` LEFT JOIN `hunuo_order_repayment` `r` ON `r`.`order_id`=`o`.`order_id` LEFT JOIN `statistical_order` `so` ON `so`.`order_no`=`o`.`order_no` LEFT JOIN `statistical_click` `sc` ON `sc`.`code`=`so`.`code` LEFT JOIN `statistical_adv` `sa` ON `sa`.`code`=`sc`.`code` LEFT JOIN `hunuo_region` `hr` ON `hr`.`region_id`=`u`.`city` GROUP BY `o`.`order_no` ORDER BY `o`.`order_id` DESC LIMIT 0,50 [ RunTime:0.076302s ]
[ sql ] [ SQL ] SELECT COUNT(*) AS tp_count FROM `hunuo_order_info` `o` LEFT JOIN `hunuo_users` `u` ON `u`.`user_id`=`o`.`user_id` LEFT JOIN `statistical_order` `so` ON `so`.`order_no`=`o`.`order_no` LEFT JOIN `hunuo_order_repayment` `r` ON `r`.`order_id`=`o`.`order_id` LEFT JOIN `statistical_click` `sc` ON `sc`.`id`=`so`.`click_id` LEFT JOIN `statistical_adv` `sa` ON `sa`.`code`=`sc`.`code` LEFT JOIN `hunuo_region` `hr` ON `hr`.`region_id`=`u`.`city` LIMIT 1 [ RunTime:0.071120s ]
[ sql ] [ DB ] CONNECT:[ UseTime:0.026151s ] mysql:host=120.77.81.91;port=3306;dbname=ydh_tupulian;charset=utf8
---------------------------------------------------------------
[ 2018-12-02T20:38:57+08:00 ] 192.168.10.1 POST /admin/Base/get_order_status
[ info ] www.ydh.work/admin/Base/get_order_status [运行时间：1.128140s][吞吐率：0.89req/s] [内存消耗：389.08kb] [文件加载：58]
[ info ] [ LANG ] /home/vagrant/code/admin_ydh/thinkphp/lang/zh-cn.php
[ info ] [ ROUTE ] array (
  'type' => 'module',
  'module' => 
  array (
    0 => 'admin',
    1 => 'Base',
    2 => 'get_order_status',
  ),
)
[ info ] [ HEADER ] array (
  'cookie' => 'user_name=tupulian; password=weilaihao2017; password1=weilaihao2017; think_var=zh-cn; PHPSESSID=51l0vlrtp1op1ca6tckktra9sh',
  'accept-language' => 'zh-CN,zh;q=0.9',
  'accept-encoding' => 'gzip, deflate',
  'referer' => 'http://www.ydh.work/houtai/index.html',
  'user-agent' => 'Mozilla/5.0 (Macintosh; Intel Mac OS X 10_13_4) AppleWebKit/537.36 (KHTML, like Gecko) Chrome/70.0.3538.110 Safari/537.36',
  'x-requested-with' => 'XMLHttpRequest',
  'origin' => 'http://www.ydh.work',
  'accept' => '*/*',
  'content-length' => '0',
  'connection' => 'keep-alive',
  'host' => 'www.ydh.work',
  'content-type' => '',
)
[ info ] [ PARAM ] array (
)
[ info ] [ LANG ] /home/vagrant/code/admin_ydh/public/../application/admin/lang/zh-cn.php
[ info ] [ SESSION ] INIT array (
  'id' => '',
  'var_session_id' => '',
  'prefix' => 'think',
  'type' => '',
  'auto_start' => true,
)
[ info ] [ DB ] INIT mysql
[ info ] [ RUN ] app\admin\controller\Base->get_order_status[ /home/vagrant/code/admin_ydh/application/admin/controller/Base.php ]
[ info ] [ DB ] INIT mysql
[ info ] [ BEHAVIOR ] Run app\loan\behavior\MongoLog @app_end [ RunTime:0.065226s ]
[ info ] [ LOG ] INIT File
[ sql ] [ DB ] CONNECT:[ UseTime:0.029601s ] mysql:host=120.77.81.91;port=3306;dbname=ydh_tupulian;charset=utf8
[ sql ] [ SQL ] SHOW COLUMNS FROM `system_admin_log` [ RunTime:0.027627s ]
[ sql ] [ SQL ] INSERT INTO `system_admin_log` (`log_time` , `admin_id` , `log_info` , `company_id` , `log_ip` , `log_url`) VALUES (1543754337 , 1 , '发起请求' , 0 , '192.168.10.1' , '/admin/Base/get_order_status') [ RunTime:0.081607s ]
[ sql ] [ DB ] CONNECT:[ UseTime:0.034435s ] mysql:host=120.77.81.91;port=3306;dbname=ydh_tupulian;charset=utf8
